<?xml version="1.0" encoding="UTF-8"?>
<testsuite name="com.example.blog.HttpControllerTests" tests="2" skipped="0" failures="0" errors="0" timestamp="2020-05-21T07:38:15" hostname="DESKTOP-3QB8L72" time="0.612">
  <properties/>
  <testcase name="사용자 가져오기()" classname="com.example.blog.HttpControllerTests" time="0.581"/>
  <testcase name="글 목록 가져오기()" classname="com.example.blog.HttpControllerTests" time="0.03"/>
  <system-out><![CDATA[16:38:12.024 [Test worker] DEBUG org.springframework.test.context.BootstrapUtils - Instantiating CacheAwareContextLoaderDelegate from class [org.springframework.test.context.cache.DefaultCacheAwareContextLoaderDelegate]
16:38:12.032 [Test worker] DEBUG org.springframework.test.context.BootstrapUtils - Instantiating BootstrapContext using constructor [public org.springframework.test.context.support.DefaultBootstrapContext(java.lang.Class,org.springframework.test.context.CacheAwareContextLoaderDelegate)]
16:38:12.042 [Test worker] DEBUG org.springframework.test.context.BootstrapUtils - Instantiating TestContextBootstrapper for test class [com.example.blog.HttpControllerTests] from class [org.springframework.boot.test.autoconfigure.web.servlet.WebMvcTestContextBootstrapper]
16:38:12.055 [Test worker] INFO org.springframework.boot.test.autoconfigure.web.servlet.WebMvcTestContextBootstrapper - Neither @ContextConfiguration nor @ContextHierarchy found for test class [com.example.blog.HttpControllerTests], using SpringBootContextLoader
16:38:12.060 [Test worker] DEBUG org.springframework.test.context.support.AbstractContextLoader - Did not detect default resource location for test class [com.example.blog.HttpControllerTests]: class path resource [com/example/blog/HttpControllerTests-context.xml] does not exist
16:38:12.060 [Test worker] DEBUG org.springframework.test.context.support.AbstractContextLoader - Did not detect default resource location for test class [com.example.blog.HttpControllerTests]: class path resource [com/example/blog/HttpControllerTestsContext.groovy] does not exist
16:38:12.061 [Test worker] INFO org.springframework.test.context.support.AbstractContextLoader - Could not detect default resource locations for test class [com.example.blog.HttpControllerTests]: no resource found for suffixes {-context.xml, Context.groovy}.
16:38:12.061 [Test worker] INFO org.springframework.test.context.support.AnnotationConfigContextLoaderUtils - Could not detect default configuration classes for test class [com.example.blog.HttpControllerTests]: HttpControllerTests does not declare any static, non-private, non-final, nested classes annotated with @Configuration.
16:38:12.167 [Test worker] DEBUG org.springframework.test.context.support.ActiveProfilesUtils - Could not find an 'annotation declaring class' for annotation type [org.springframework.test.context.ActiveProfiles] and class [com.example.blog.HttpControllerTests]
16:38:12.247 [Test worker] DEBUG org.springframework.context.annotation.ClassPathScanningCandidateComponentProvider - Identified candidate component class: file [C:\Sources\kotlin_boot\blog\build\classes\kotlin\main\com\example\blog\BlogApplication.class]
16:38:12.255 [Test worker] INFO org.springframework.boot.test.context.SpringBootTestContextBootstrapper - Found @SpringBootConfiguration com.example.blog.BlogApplication for test class com.example.blog.HttpControllerTests
16:38:12.256 [Test worker] DEBUG org.springframework.boot.test.autoconfigure.web.servlet.WebMvcTestContextBootstrapper - @TestExecutionListeners is not present for class [com.example.blog.HttpControllerTests]: using defaults.
16:38:12.257 [Test worker] INFO org.springframework.boot.test.autoconfigure.web.servlet.WebMvcTestContextBootstrapper - Loaded default TestExecutionListener class names from location [META-INF/spring.factories]: [com.ninjasquad.springmockk.MockkTestExecutionListener, com.ninjasquad.springmockk.ClearMocksTestExecutionListener, org.springframework.boot.test.autoconfigure.restdocs.RestDocsTestExecutionListener, org.springframework.boot.test.autoconfigure.web.client.MockRestServiceServerResetTestExecutionListener, org.springframework.boot.test.autoconfigure.web.servlet.MockMvcPrintOnlyOnFailureTestExecutionListener, org.springframework.boot.test.autoconfigure.web.servlet.WebDriverTestExecutionListener, org.springframework.boot.test.autoconfigure.webservices.client.MockWebServiceServerTestExecutionListener, org.springframework.boot.test.mock.mockito.MockitoTestExecutionListener, org.springframework.boot.test.mock.mockito.ResetMocksTestExecutionListener, org.springframework.test.context.web.ServletTestExecutionListener, org.springframework.test.context.support.DirtiesContextBeforeModesTestExecutionListener, org.springframework.test.context.support.DependencyInjectionTestExecutionListener, org.springframework.test.context.support.DirtiesContextTestExecutionListener, org.springframework.test.context.transaction.TransactionalTestExecutionListener, org.springframework.test.context.jdbc.SqlScriptsTestExecutionListener, org.springframework.test.context.event.EventPublishingTestExecutionListener]
16:38:12.517 [Test worker] INFO org.springframework.boot.test.autoconfigure.web.servlet.WebMvcTestContextBootstrapper - Using TestExecutionListeners: [org.springframework.test.context.web.ServletTestExecutionListener@70367a1b, org.springframework.test.context.support.DirtiesContextBeforeModesTestExecutionListener@61cf1367, com.ninjasquad.springmockk.MockkTestExecutionListener@32bad138, org.springframework.boot.test.mock.mockito.MockitoTestExecutionListener@1101784d, org.springframework.boot.test.autoconfigure.SpringBootDependencyInjectionTestExecutionListener@52243ed4, org.springframework.test.context.support.DirtiesContextTestExecutionListener@4b695bdc, org.springframework.test.context.transaction.TransactionalTestExecutionListener@2f3e6098, org.springframework.test.context.jdbc.SqlScriptsTestExecutionListener@35e7a622, org.springframework.test.context.event.EventPublishingTestExecutionListener@46c6fcd4, com.ninjasquad.springmockk.ClearMocksTestExecutionListener@47f0f86b, org.springframework.boot.test.autoconfigure.restdocs.RestDocsTestExecutionListener@1b967aad, org.springframework.boot.test.autoconfigure.web.client.MockRestServiceServerResetTestExecutionListener@13c8094b, org.springframework.boot.test.autoconfigure.web.servlet.MockMvcPrintOnlyOnFailureTestExecutionListener@629977ba, org.springframework.boot.test.autoconfigure.web.servlet.WebDriverTestExecutionListener@22eae822, org.springframework.boot.test.autoconfigure.webservices.client.MockWebServiceServerTestExecutionListener@a81bdc0, org.springframework.boot.test.mock.mockito.ResetMocksTestExecutionListener@59506f8a]
16:38:12.540 [Test worker] DEBUG org.springframework.test.context.support.TestPropertySourceUtils - Adding inlined properties to environment: {spring.jmx.enabled=false, org.springframework.boot.test.autoconfigure.web.servlet.WebMvcTestContextBootstrapper=true}

  .   ____          _            __ _ _
 /\\ / ___'_ __ _ _(_)_ __  __ _ \ \ \ \
( ( )\___ | '_ | '_| | '_ \/ _` | \ \ \ \
 \\/  ___)| |_)| | | | | || (_| |  ) ) ) )
  '  |____| .__|_| |_|_| |_\__, | / / / /
 =========|_|==============|___/=/_/_/_/
 :: Spring Boot ::        (v2.3.0.RELEASE)

2020-05-21 16:38:12.924  INFO 12956 --- [    Test worker] com.example.blog.HttpControllerTests     : Starting HttpControllerTests on DESKTOP-3QB8L72 with PID 12956 (started by OnLifeCoding in C:\Sources\kotlin_boot\blog)
2020-05-21 16:38:12.927  INFO 12956 --- [    Test worker] com.example.blog.HttpControllerTests     : No active profile set, falling back to default profiles: default
2020-05-21 16:38:15.143  INFO 12956 --- [    Test worker] o.s.s.concurrent.ThreadPoolTaskExecutor  : Initializing ExecutorService 'applicationTaskExecutor'
2020-05-21 16:38:15.442  INFO 12956 --- [    Test worker] o.s.b.t.m.w.SpringBootMockServletContext : Initializing Spring TestDispatcherServlet ''
2020-05-21 16:38:15.443  INFO 12956 --- [    Test worker] o.s.t.web.servlet.TestDispatcherServlet  : Initializing Servlet ''
2020-05-21 16:38:15.459  INFO 12956 --- [    Test worker] o.s.t.web.servlet.TestDispatcherServlet  : Completed initialization in 16 ms
2020-05-21 16:38:15.491  INFO 12956 --- [    Test worker] com.example.blog.HttpControllerTests     : Started HttpControllerTests in 2.94 seconds (JVM running for 4.38)
]]></system-out>
  <system-err><![CDATA[]]></system-err>
</testsuite>
